-------------------------------------------------------------
STREAM version $Revision: 5.10 $
-------------------------------------------------------------
This system uses 8 bytes per array element.
-------------------------------------------------------------
Array size = 68000000 (elements), Offset = 0 (elements)
Memory per array = 518.8 MiB (= 0.5 GiB).
Total memory required = 1556.4 MiB (= 1.5 GiB).
Each kernel will be executed 20 times.
 The *best* time for each kernel (excluding the first iteration)
 will be used to compute the reported bandwidth.
-------------------------------------------------------------
Your clock granularity/precision appears to be 1 microseconds.
Each test below will take on the order of 46916 microseconds.
   (= 46916 clock ticks)
Increase the size of the arrays if this shows that
you are not getting at least 20 clock ticks per test.
-------------------------------------------------------------
WARNING -- The above is only a rough guideline.
For best results, please be sure you know the
precision of your system timer.
-------------------------------------------------------------
Function    Best Rate MB/s  Avg time     Min time     Max time
Copy:           31966.2     0.046453     0.034036     0.075275
Scale:          19207.0     0.067455     0.056646     0.094735
Add:            21289.0     0.092686     0.076659     0.112890
Triad:          20663.7     0.089819     0.078979     0.109024
-------------------------------------------------------------
Solution Validates: avg error less than 1.000000e-13 on all three arrays
-------------------------------------------------------------
