rm -f benchmark-naive benchmark-blocked benchmark-blas benchmark.o dgemm-naive.o dgemm-blocked.o dgemm-blas.o
gcc                          -c -Wall -std=gnu99 -march=znver3 -mfma --fast-math                        benchmark.c
gcc                          -c -Wall -std=gnu99 -march=znver3 -mfma --fast-math                        dgemm-naive.c
gcc                          -o benchmark-naive benchmark.o dgemm-naive.o -L/cluster/apps/gcc-11.4.0/openblas-0.3.20-ssgo6yxxzud3xbfabkvv77e6lpnq7hep -lopenblas              
gcc                          -c -Wall -std=gnu99 -march=znver3 -mfma --fast-math                        dgemm-blocked.c
gcc                          -o benchmark-blocked benchmark.o dgemm-blocked.o -L/cluster/apps/gcc-11.4.0/openblas-0.3.20-ssgo6yxxzud3xbfabkvv77e6lpnq7hep -lopenblas              
gcc                          -c -Wall -std=gnu99 -march=znver3 -mfma --fast-math                        dgemm-blas.c
gcc                          -o benchmark-blas benchmark.o dgemm-blas.o -L/cluster/apps/gcc-11.4.0/openblas-0.3.20-ssgo6yxxzud3xbfabkvv77e6lpnq7hep -lopenblas              
==== benchmark-naive ======================
# Description:	Naive, three-loop dgemm.

Size:       31	Gflop/s:     0.33	Percentage:    0.84
Size:       32	Gflop/s:     0.33	Percentage:    0.84
Size:       96	Gflop/s:     0.33	Percentage:    0.85
Size:       97	Gflop/s:     0.33	Percentage:    0.84
Size:      127	Gflop/s:     0.40	Percentage:    1.02
Size:      128	Gflop/s:     0.48	Percentage:    1.22
Size:      129	Gflop/s:     0.48	Percentage:    1.23
Size:      191	Gflop/s:     0.48	Percentage:    1.23
Size:      192	Gflop/s:     0.48	Percentage:    1.23
Size:      229	Gflop/s:     0.48	Percentage:    1.23
Size:      255	Gflop/s:     0.48	Percentage:    1.23
Size:      256	Gflop/s:     0.47	Percentage:    1.21
Size:      257	Gflop/s:     0.48	Percentage:    1.23
Size:      319	Gflop/s:     0.49	Percentage:    1.24
Size:      320	Gflop/s:     0.48	Percentage:    1.24
Size:      321	Gflop/s:     0.48	Percentage:    1.24
Size:      417	Gflop/s:     0.49	Percentage:    1.24
Size:      479	Gflop/s:     0.49	Percentage:    1.24
Size:      480	Gflop/s:     0.49	Percentage:    1.24
Size:      511	Gflop/s:     0.49	Percentage:    1.24
Size:      512	Gflop/s:     0.42	Percentage:    1.07
Size:      639	Gflop/s:     0.49	Percentage:    1.24
Size:      640	Gflop/s:     0.48	Percentage:    1.21
Size:      767	Gflop/s:     0.49	Percentage:    1.24
Size:      768	Gflop/s:     0.45	Percentage:    1.14
Size:      769	Gflop/s:     0.49	Percentage:    1.24
Size:      800	Gflop/s:     0.49	Percentage:    1.24
Size:      900	Gflop/s:     0.49	Percentage:    1.24
Size:     1000	Gflop/s:     0.49	Percentage:    1.24
Size:     1100	Gflop/s:     0.49	Percentage:    1.24
Size:     1200	Gflop/s:     0.49	Percentage:    1.24
# Average percentage of peak performance = 1.16923

==== benchmark-blas =======================
# Description:	Reference dgemm.

Size:       31	Gflop/s:    24.94	Percentage:   63.61
Size:       32	Gflop/s:    20.34	Percentage:   51.88
Size:       96	Gflop/s:    35.14	Percentage:   89.64
Size:       97	Gflop/s:    34.24	Percentage:   87.34
Size:      127	Gflop/s:    36.67	Percentage:   93.55
Size:      128	Gflop/s:    37.63	Percentage:   95.99
Size:      129	Gflop/s:    37.32	Percentage:   95.19
Size:      191	Gflop/s:    40.80	Percentage:  104.09
Size:      192	Gflop/s:    42.31	Percentage:  107.94
Size:      229	Gflop/s:    42.90	Percentage:  109.43
Size:      255	Gflop/s:    43.17	Percentage:  110.13
Size:      256	Gflop/s:    44.15	Percentage:  112.63
Size:      257	Gflop/s:    43.36	Percentage:  110.61
Size:      319	Gflop/s:    44.55	Percentage:  113.64
Size:      320	Gflop/s:    46.16	Percentage:  117.76
Size:      321	Gflop/s:    45.77	Percentage:  116.76
Size:      417	Gflop/s:    47.68	Percentage:  121.63
Size:      479	Gflop/s:    47.00	Percentage:  119.90
Size:      480	Gflop/s:    48.57	Percentage:  123.90
Size:      511	Gflop/s:    46.43	Percentage:  118.45
Size:      512	Gflop/s:    45.87	Percentage:  117.02
Size:      639	Gflop/s:    48.27	Percentage:  123.13
Size:      640	Gflop/s:    49.09	Percentage:  125.24
Size:      767	Gflop/s:    48.91	Percentage:  124.77
Size:      768	Gflop/s:    49.41	Percentage:  126.04
Size:      769	Gflop/s:    49.24	Percentage:  125.62
Size:      800	Gflop/s:    49.94	Percentage:  127.39
Size:      900	Gflop/s:    50.16	Percentage:  127.96
Size:     1000	Gflop/s:    50.67	Percentage:  129.26
Size:     1100	Gflop/s:    50.34	Percentage:  128.42
Size:     1200	Gflop/s:    50.73	Percentage:  129.42
# Average percentage of peak performance = 111.237

==== benchmark-blocked ====================
# Description:	Blocked dgemm.

Size:       31	Gflop/s:    10.57	Percentage:   26.97
Size:       32	Gflop/s:    11.69	Percentage:   29.81
Size:       96	Gflop/s:    10.39	Percentage:   26.52
Size:       97	Gflop/s:    10.84	Percentage:   27.65
Size:      127	Gflop/s:    10.88	Percentage:   27.77
Size:      128	Gflop/s:    10.47	Percentage:   26.71
Size:      129	Gflop/s:    11.04	Percentage:   28.16
Size:      191	Gflop/s:    11.01	Percentage:   28.08
Size:      192	Gflop/s:    10.38	Percentage:   26.48
Size:      229	Gflop/s:    10.91	Percentage:   27.83
Size:      255	Gflop/s:    10.60	Percentage:   27.04
Size:      256	Gflop/s:    10.17	Percentage:   25.94
Size:      257	Gflop/s:    10.38	Percentage:   26.48
Size:      319	Gflop/s:     9.43	Percentage:   24.04
Size:      320	Gflop/s:     8.84	Percentage:   22.55
Size:      321	Gflop/s:     9.53	Percentage:   24.32
Size:      417	Gflop/s:     9.72	Percentage:   24.79
Size:      479	Gflop/s:     9.34	Percentage:   23.81
Size:      480	Gflop/s:     8.57	Percentage:   21.85
Size:      511	Gflop/s:     8.92	Percentage:   22.75
Size:      512	Gflop/s:     8.25	Percentage:   21.05
Size:      639	Gflop/s:     9.43	Percentage:   24.05
Size:      640	Gflop/s:     8.57	Percentage:   21.85
Size:      767	Gflop/s:     8.44	Percentage:   21.52
Size:      768	Gflop/s:     8.11	Percentage:   20.68
Size:      769	Gflop/s:     8.52	Percentage:   21.73
Size:      800	Gflop/s:     8.30	Percentage:   21.17
Size:      900	Gflop/s:     8.17	Percentage:   20.85
Size:     1000	Gflop/s:     7.98	Percentage:   20.35
Size:     1100	Gflop/s:     7.93	Percentage:   20.24
Size:     1200	Gflop/s:     8.11	Percentage:   20.68
# Average percentage of peak performance = 24.3142

==== plot results =========================
