/cluster/apps/gcc-4.8.5/gcc-11.4.0-xxnwhndqaqpuzs4l4ty4yj5tg2cexcg4/bin/gcc -c -O3 -fopenmp -I. mandel_omp.c
/cluster/apps/gcc-4.8.5/gcc-11.4.0-xxnwhndqaqpuzs4l4ty4yj5tg2cexcg4/bin/gcc -c -O3 -fopenmp -I. pngwriter.c
/cluster/apps/gcc-4.8.5/gcc-11.4.0-xxnwhndqaqpuzs4l4ty4yj5tg2cexcg4/bin/gcc -c -O3 -fopenmp -I. walltime.c
/cluster/apps/gcc-4.8.5/gcc-11.4.0-xxnwhndqaqpuzs4l4ty4yj5tg2cexcg4/bin/gcc -O3 -fopenmp -I. mandel_omp.o pngwriter.o walltime.o -O3 -fopenmp -L. -lpng -o mandel_omp
/cluster/apps/gcc-4.8.5/gcc-11.4.0-xxnwhndqaqpuzs4l4ty4yj5tg2cexcg4/bin/gcc -c -O3 -fopenmp -I. mandel_seq.c
/cluster/apps/gcc-4.8.5/gcc-11.4.0-xxnwhndqaqpuzs4l4ty4yj5tg2cexcg4/bin/gcc -O3 -fopenmp -I. mandel_seq.o pngwriter.o walltime.o -O3 -fopenmp -L. -lpng -o mandel_seq
Mandel Serial Implementation:
Total time:                 331.241 seconds
Image size:                 4096 x 4096 = 16777216 Pixels
Total number of iterations: 113624527400
Avg. time per pixel:        1.97435e-05 seconds
Avg. time per iteration:    2.91522e-09 seconds
Iterations/second:          3.43027e+08
MFlop/s:                    2744.22
---------------------------------------------
Mandel Parallelized with 1 Thread:
Total time:                 382.479 seconds
Image size:                 4096 x 4096 = 16777216 Pixels
Total number of iterations: 113652339001
Avg. time per pixel:        2.27975e-05 seconds
Avg. time per iteration:    3.36535e-09 seconds
Iterations/second:          2.97146e+08
MFlop/s:                    2377.17
---------------------------------------------
Mandel Parallelized with 2 Threads:
Total time:                 175.568 seconds
Image size:                 4096 x 4096 = 16777216 Pixels
Total number of iterations: 113652339001
Avg. time per pixel:        1.04647e-05 seconds
Avg. time per iteration:    1.54478e-09 seconds
Iterations/second:          6.4734e+08
MFlop/s:                    5178.72
---------------------------------------------
Mandel Parallelized with 4 Threads:
Total time:                 190.889 seconds
Image size:                 4096 x 4096 = 16777216 Pixels
Total number of iterations: 113652339001
Avg. time per pixel:        1.13779e-05 seconds
Avg. time per iteration:    1.67959e-09 seconds
Iterations/second:          5.95383e+08
MFlop/s:                    4763.06
---------------------------------------------
Mandel Parallelized with 8 Threads:
Total time:                 154.987 seconds
Image size:                 4096 x 4096 = 16777216 Pixels
Total number of iterations: 113652339001
Avg. time per pixel:        9.23795e-06 seconds
Avg. time per iteration:    1.36369e-09 seconds
Iterations/second:          7.33302e+08
MFlop/s:                    5866.42
---------------------------------------------
Mandel Parallelized with 16 Threads:
Total time:                 76.0977 seconds
Image size:                 4096 x 4096 = 16777216 Pixels
Total number of iterations: 113652339001
Avg. time per pixel:        4.53578e-06 seconds
Avg. time per iteration:    6.69566e-10 seconds
Iterations/second:          1.49351e+09
MFlop/s:                    11948
---------------------------------------------
Mandel Parallelized with 32 Threads:
Total time:                 35.3486 seconds
Image size:                 4096 x 4096 = 16777216 Pixels
Total number of iterations: 113652339001
Avg. time per pixel:        2.10694e-06 seconds
Avg. time per iteration:    3.11024e-10 seconds
Iterations/second:          3.21519e+09
MFlop/s:                    25721.5
